<?xml version="1.0" encoding="UTF-8"?>
<!-- Generated by org.testng.reporters.JUnitReportReporter -->
<testsuite hostname="DESKTOP-DCBNMLH" failures="0" tests="2" name="academy.validateTitle" time="0.223" errors="0" timestamp="2022-04-14T10:23:45 IST" skipped="0">
  <testcase classname="academy.validateTitle" name="validateHomeTitle" time="0.055"/>
  <system-out/>
  <testcase classname="academy.validateTitle" name="validateHeader" time="0.168"/>
  <system-out/>
</testsuite> <!-- academy.validateTitle -->
